{"D:\\prog\\JavaScript\\TrackMyMarks\\middlewares\\user\\checkUserRegistrationMW.js":{"path":"D:\\prog\\JavaScript\\TrackMyMarks\\middlewares\\user\\checkUserRegistrationMW.js","s":{"1":1,"2":1,"3":5,"4":4,"5":4,"6":1,"7":3,"8":3,"9":1,"10":3,"11":3,"12":1,"13":3,"14":1,"15":3,"16":1,"17":3},"b":{"1":[1,3],"2":[4,3,3],"3":[1,2],"4":[3,3],"5":[1,2],"6":[3,3],"7":[1,2],"8":[1,2]},"f":{"1":5,"2":4,"3":3,"4":3},"fnMap":{"1":{"name":"(anonymous_1)","line":6,"loc":{"start":{"line":6,"column":17},"end":{"line":6,"column":45}}},"2":{"name":"(anonymous_2)","line":10,"loc":{"start":{"line":10,"column":11},"end":{"line":10,"column":37}}},"3":{"name":"(anonymous_3)","line":23,"loc":{"start":{"line":23,"column":11},"end":{"line":23,"column":34}}},"4":{"name":"(anonymous_4)","line":33,"loc":{"start":{"line":33,"column":11},"end":{"line":33,"column":34}}}},"statementMap":{"1":{"start":{"line":1,"column":0},"end":{"line":1,"column":55}},"2":{"start":{"line":6,"column":0},"end":{"line":53,"column":2}},"3":{"start":{"line":8,"column":4},"end":{"line":8,"column":65}},"4":{"start":{"line":10,"column":4},"end":{"line":52,"column":6}},"5":{"start":{"line":14,"column":8},"end":{"line":18,"column":9}},"6":{"start":{"line":17,"column":12},"end":{"line":17,"column":26}},"7":{"start":{"line":21,"column":8},"end":{"line":29,"column":11}},"8":{"start":{"line":25,"column":12},"end":{"line":28,"column":13}},"9":{"start":{"line":26,"column":16},"end":{"line":26,"column":80}},"10":{"start":{"line":31,"column":8},"end":{"line":51,"column":11}},"11":{"start":{"line":35,"column":12},"end":{"line":38,"column":13}},"12":{"start":{"line":36,"column":16},"end":{"line":36,"column":76}},"13":{"start":{"line":40,"column":12},"end":{"line":43,"column":13}},"14":{"start":{"line":41,"column":16},"end":{"line":41,"column":78}},"15":{"start":{"line":45,"column":12},"end":{"line":48,"column":13}},"16":{"start":{"line":46,"column":16},"end":{"line":46,"column":64}},"17":{"start":{"line":50,"column":12},"end":{"line":50,"column":26}}},"branchMap":{"1":{"line":14,"type":"if","locations":[{"start":{"line":14,"column":8},"end":{"line":14,"column":8}},{"start":{"line":14,"column":8},"end":{"line":14,"column":8}}]},"2":{"line":14,"type":"binary-expr","locations":[{"start":{"line":14,"column":13},"end":{"line":14,"column":44}},{"start":{"line":14,"column":50},"end":{"line":14,"column":87}},{"start":{"line":15,"column":13},"end":{"line":15,"column":53}}]},"3":{"line":25,"type":"if","locations":[{"start":{"line":25,"column":12},"end":{"line":25,"column":12}},{"start":{"line":25,"column":12},"end":{"line":25,"column":12}}]},"4":{"line":25,"type":"binary-expr","locations":[{"start":{"line":25,"column":17},"end":{"line":25,"column":20}},{"start":{"line":25,"column":26},"end":{"line":25,"column":41}}]},"5":{"line":35,"type":"if","locations":[{"start":{"line":35,"column":12},"end":{"line":35,"column":12}},{"start":{"line":35,"column":12},"end":{"line":35,"column":12}}]},"6":{"line":35,"type":"binary-expr","locations":[{"start":{"line":35,"column":17},"end":{"line":35,"column":20}},{"start":{"line":35,"column":26},"end":{"line":35,"column":41}}]},"7":{"line":40,"type":"if","locations":[{"start":{"line":40,"column":12},"end":{"line":40,"column":12}},{"start":{"line":40,"column":12},"end":{"line":40,"column":12}}]},"8":{"line":45,"type":"if","locations":[{"start":{"line":45,"column":12},"end":{"line":45,"column":12}},{"start":{"line":45,"column":12},"end":{"line":45,"column":12}}]}}},"D:\\prog\\JavaScript\\TrackMyMarks\\middlewares\\common.js":{"path":"D:\\prog\\JavaScript\\TrackMyMarks\\middlewares\\common.js","s":{"1":1,"2":5,"3":4,"4":1,"5":1},"b":{"1":[4,1],"2":[5,5]},"f":{"1":5},"fnMap":{"1":{"name":"requireOption","line":7,"loc":{"start":{"line":7,"column":0},"end":{"line":7,"column":55}}}},"statementMap":{"1":{"start":{"line":7,"column":0},"end":{"line":12,"column":1}},"2":{"start":{"line":8,"column":4},"end":{"line":10,"column":5}},"3":{"start":{"line":9,"column":8},"end":{"line":9,"column":46}},"4":{"start":{"line":11,"column":4},"end":{"line":11,"column":52}},"5":{"start":{"line":14,"column":0},"end":{"line":14,"column":45}}},"branchMap":{"1":{"line":8,"type":"if","locations":[{"start":{"line":8,"column":4},"end":{"line":8,"column":4}},{"start":{"line":8,"column":4},"end":{"line":8,"column":4}}]},"2":{"line":8,"type":"binary-expr","locations":[{"start":{"line":8,"column":8},"end":{"line":8,"column":24}},{"start":{"line":8,"column":28},"end":{"line":8,"column":58}}]}}},"D:\\prog\\JavaScript\\TrackMyMarks\\middlewares\\generic\\mainRedirectMW.js":{"path":"D:\\prog\\JavaScript\\TrackMyMarks\\middlewares\\generic\\mainRedirectMW.js","s":{"1":1,"2":2,"3":2,"4":1,"5":1},"b":{"1":[1,1]},"f":{"1":2,"2":2},"fnMap":{"1":{"name":"(anonymous_1)","line":7,"loc":{"start":{"line":7,"column":17},"end":{"line":7,"column":45}}},"2":{"name":"(anonymous_2)","line":9,"loc":{"start":{"line":9,"column":11},"end":{"line":9,"column":37}}}},"statementMap":{"1":{"start":{"line":7,"column":0},"end":{"line":19,"column":2}},"2":{"start":{"line":9,"column":4},"end":{"line":17,"column":6}},"3":{"start":{"line":12,"column":8},"end":{"line":16,"column":9}},"4":{"start":{"line":13,"column":12},"end":{"line":13,"column":42}},"5":{"start":{"line":15,"column":12},"end":{"line":15,"column":44}}},"branchMap":{"1":{"line":12,"type":"if","locations":[{"start":{"line":12,"column":8},"end":{"line":12,"column":8}},{"start":{"line":12,"column":8},"end":{"line":12,"column":8}}]}}}}