TN:
SF:D:\prog\JavaScript\TrackMyMarks\middlewares\user\checkUserRegistrationMW.js
FN:6,(anonymous_1)
FN:10,(anonymous_2)
FN:23,(anonymous_3)
FN:33,(anonymous_4)
FNF:4
FNH:4
FNDA:5,(anonymous_1)
FNDA:4,(anonymous_2)
FNDA:3,(anonymous_3)
FNDA:3,(anonymous_4)
DA:1,1
DA:6,1
DA:8,5
DA:10,4
DA:14,4
DA:17,1
DA:21,3
DA:25,3
DA:26,1
DA:31,3
DA:35,3
DA:36,1
DA:40,3
DA:41,1
DA:45,3
DA:46,1
DA:50,3
LF:17
LH:17
BRDA:14,1,0,1
BRDA:14,1,1,3
BRDA:14,2,0,4
BRDA:14,2,1,3
BRDA:14,2,2,3
BRDA:25,3,0,1
BRDA:25,3,1,2
BRDA:25,4,0,3
BRDA:25,4,1,3
BRDA:35,5,0,1
BRDA:35,5,1,2
BRDA:35,6,0,3
BRDA:35,6,1,3
BRDA:40,7,0,1
BRDA:40,7,1,2
BRDA:45,8,0,1
BRDA:45,8,1,2
BRF:17
BRH:17
end_of_record
TN:
SF:D:\prog\JavaScript\TrackMyMarks\middlewares\common.js
FN:7,requireOption
FNF:1
FNH:1
FNDA:5,requireOption
DA:7,1
DA:8,5
DA:9,4
DA:11,1
DA:14,1
LF:5
LH:5
BRDA:8,1,0,4
BRDA:8,1,1,1
BRDA:8,2,0,5
BRDA:8,2,1,5
BRF:4
BRH:4
end_of_record
TN:
SF:D:\prog\JavaScript\TrackMyMarks\middlewares\generic\mainRedirectMW.js
FN:7,(anonymous_1)
FN:9,(anonymous_2)
FNF:2
FNH:2
FNDA:2,(anonymous_1)
FNDA:2,(anonymous_2)
DA:7,1
DA:9,2
DA:12,2
DA:13,1
DA:15,1
LF:5
LH:5
BRDA:12,1,0,1
BRDA:12,1,1,1
BRF:2
BRH:2
end_of_record
